<?xml version="1.0" encoding="UTF-8"?>
<testng-results ignored="0" total="1" passed="1" failed="0" skipped="0">
  <reporter-output>
  </reporter-output>
  <suite started-at="2024-03-19T15:59:59 EDT" name="Default suite" finished-at="2024-03-19T16:00:09 EDT" duration-ms="9467">
    <groups>
    </groups>
    <test started-at="2024-03-19T15:59:59 EDT" name="Default test" finished-at="2024-03-19T16:00:09 EDT" duration-ms="9467">
      <class name="com.naveenautomation.tests.ContactUsPageTest">
        <test-method is-config="true" signature="setUpLogger()[pri:0, instance:com.naveenautomation.tests.ContactUsPageTest@428640fa]" started-at="2024-03-19T15:59:59 EDT" name="setUpLogger" finished-at="2024-03-19T15:59:59 EDT" duration-ms="93" status="PASS">
          <reporter-output>
          </reporter-output>
        </test-method> <!-- setUpLogger -->
        <test-method is-config="true" signature="launchBrowser()[pri:0, instance:com.naveenautomation.tests.ContactUsPageTest@428640fa]" started-at="2024-03-19T15:59:59 EDT" name="launchBrowser" finished-at="2024-03-19T16:00:05 EDT" duration-ms="5808" status="PASS">
          <reporter-output>
          </reporter-output>
        </test-method> <!-- launchBrowser -->
        <test-method signature="validateContactUs()[pri:0, instance:com.naveenautomation.tests.ContactUsPageTest@428640fa]" started-at="2024-03-19T16:00:05 EDT" name="validateContactUs" finished-at="2024-03-19T16:00:08 EDT" duration-ms="3360" status="PASS">
          <reporter-output>
          </reporter-output>
        </test-method> <!-- validateContactUs -->
        <test-method is-config="true" signature="closeBrowser()[pri:0, instance:com.naveenautomation.tests.ContactUsPageTest@428640fa]" started-at="2024-03-19T16:00:08 EDT" name="closeBrowser" finished-at="2024-03-19T16:00:09 EDT" duration-ms="178" status="PASS">
          <reporter-output>
          </reporter-output>
        </test-method> <!-- closeBrowser -->
      </class> <!-- com.naveenautomation.tests.ContactUsPageTest -->
    </test> <!-- Default test -->
  </suite> <!-- Default suite -->
</testng-results>
